{"name": "test_submit_form", "status": "failed", "statusDetails": {"message": "selene.core.exceptions.TimeoutException: Message: \n\nTimed out after 5.0s, while waiting for:\nbrowser.all(('css selector', '[for^=hobbies-checkbox]')).element_by(has attribute 'value' with value 'Sports').element(('xpath', '..')).click\n\nReason: AssertionError: \n\tCannot find element by condition «has attribute 'value' with value 'Sports'» \n\tAmong browser.all(('css selector', '[for^=hobbies-checkbox]'))\nScreenshot: file://C:\\Users\\Bitty\\.selene\\screenshots\\1664613834356\\1664613834357.png\nPageSource: file://C:\\Users\\Bitty\\.selene\\screenshots\\1664613834356\\1664613834357.html", "trace": "fn = <selene.core.wait.Command object at 0x0000018404256770>\n\n    @self._decorator(self)\n    def _(fn: Callable[[E], R]) -> R:\n        finish_time = time.time() + self._timeout\n    \n        while True:\n            try:\n>               return fn(self.entity)\n\nvenv\\lib\\site-packages\\selene\\core\\wait.py:122: \n_ _ _ _ _ _ _ _ _ _ _ _ _ _ _ _ _ _ _ _ _ _ _ _ _ _ _ _ _ _ _ _ _ _ _ _ _ _ _ _ _ _ _ _ _ _ _ _ _ _ _ _ _ _ _ _ _ _ _ _ _ _ _ _ _ _ _ _ _ _ _ _ _ _ _ _ _ _ _ _ _ _ _ _ _ _ _ _ _ _ _ _\n\nself = <selene.core.wait.Command object at 0x0000018404256770>, entity = <selene.core.entity.Element object at 0x0000018404256E90>\n\n    def __call__(self, entity: T) -> R:\n>       return self._fn(entity)\n\nvenv\\lib\\site-packages\\selene\\core\\wait.py:61: \n_ _ _ _ _ _ _ _ _ _ _ _ _ _ _ _ _ _ _ _ _ _ _ _ _ _ _ _ _ _ _ _ _ _ _ _ _ _ _ _ _ _ _ _ _ _ _ _ _ _ _ _ _ _ _ _ _ _ _ _ _ _ _ _ _ _ _ _ _ _ _ _ _ _ _ _ _ _ _ _ _ _ _ _ _ _ _ _ _ _ _ _\n\nelement = <selene.core.entity.Element object at 0x0000018404256E90>\n\n>       else Command('click', lambda element: element().click())\n    )\n\nvenv\\lib\\site-packages\\selene\\core\\entity.py:463: \n_ _ _ _ _ _ _ _ _ _ _ _ _ _ _ _ _ _ _ _ _ _ _ _ _ _ _ _ _ _ _ _ _ _ _ _ _ _ _ _ _ _ _ _ _ _ _ _ _ _ _ _ _ _ _ _ _ _ _ _ _ _ _ _ _ _ _ _ _ _ _ _ _ _ _ _ _ _ _ _ _ _ _ _ _ _ _ _ _ _ _ _\n\nself = <selene.core.entity.Element object at 0x0000018404256E90>\n\n    def __call__(self) -> WebElement:\n>       return self._locator()\n\nvenv\\lib\\site-packages\\selene\\core\\entity.py:177: \n_ _ _ _ _ _ _ _ _ _ _ _ _ _ _ _ _ _ _ _ _ _ _ _ _ _ _ _ _ _ _ _ _ _ _ _ _ _ _ _ _ _ _ _ _ _ _ _ _ _ _ _ _ _ _ _ _ _ _ _ _ _ _ _ _ _ _ _ _ _ _ _ _ _ _ _ _ _ _ _ _ _ _ _ _ _ _ _ _ _ _ _\n\nself = <selene.core.locator.Locator object at 0x0000018404254430>\n\n    def __call__(self) -> T:\n>       return self._locate()\n\nvenv\\lib\\site-packages\\selene\\core\\locator.py:34: \n_ _ _ _ _ _ _ _ _ _ _ _ _ _ _ _ _ _ _ _ _ _ _ _ _ _ _ _ _ _ _ _ _ _ _ _ _ _ _ _ _ _ _ _ _ _ _ _ _ _ _ _ _ _ _ _ _ _ _ _ _ _ _ _ _ _ _ _ _ _ _ _ _ _ _ _ _ _ _ _ _ _ _ _ _ _ _ _ _ _ _ _\n\n>       Locator(f'{self}.element({by})', lambda: self().find_element(*by)),\n        self.config,\n    )\n\nvenv\\lib\\site-packages\\selene\\core\\entity.py:230: \n_ _ _ _ _ _ _ _ _ _ _ _ _ _ _ _ _ _ _ _ _ _ _ _ _ _ _ _ _ _ _ _ _ _ _ _ _ _ _ _ _ _ _ _ _ _ _ _ _ _ _ _ _ _ _ _ _ _ _ _ _ _ _ _ _ _ _ _ _ _ _ _ _ _ _ _ _ _ _ _ _ _ _ _ _ _ _ _ _ _ _ _\n\nself = <selene.core.entity.Element object at 0x0000018404257040>\n\n    def __call__(self) -> WebElement:\n>       return self._locator()\n\nvenv\\lib\\site-packages\\selene\\core\\entity.py:177: \n_ _ _ _ _ _ _ _ _ _ _ _ _ _ _ _ _ _ _ _ _ _ _ _ _ _ _ _ _ _ _ _ _ _ _ _ _ _ _ _ _ _ _ _ _ _ _ _ _ _ _ _ _ _ _ _ _ _ _ _ _ _ _ _ _ _ _ _ _ _ _ _ _ _ _ _ _ _ _ _ _ _ _ _ _ _ _ _ _ _ _ _\n\nself = <selene.core.locator.Locator object at 0x0000018404256E30>\n\n    def __call__(self) -> T:\n>       return self._locate()\n\nvenv\\lib\\site-packages\\selene\\core\\locator.py:34: \n_ _ _ _ _ _ _ _ _ _ _ _ _ _ _ _ _ _ _ _ _ _ _ _ _ _ _ _ _ _ _ _ _ _ _ _ _ _ _ _ _ _ _ _ _ _ _ _ _ _ _ _ _ _ _ _ _ _ _ _ _ _ _ _ _ _ _ _ _ _ _ _ _ _ _ _ _ _ _ _ _ _ _ _ _ _ _ _ _ _ _ _\n\n    def find() -> WebElement:\n        cached = self.cached\n    \n        for element in cached:\n            if element.matching(condition):\n                return element()\n    \n        from selene.core import query\n    \n        if self.config.log_outer_html_on_failure:\n            \"\"\"\n            todo: move it support.shared.config\n            \"\"\"\n            outer_htmls = [query.outer_html(element) for element in cached]\n    \n            raise AssertionError(\n                f'\\n\\tCannot find element by condition «{condition}» '\n                f'\\n\\tAmong {self}'\n                f'\\n\\tActual webelements collection:'\n                f'\\n\\t{outer_htmls}'\n            )  # todo: isn't it better to print it all the time via hook, like for Element?\n        else:\n>           raise AssertionError(\n                f'\\n\\tCannot find element by condition «{condition}» '\n                f'\\n\\tAmong {self}'\n            )\nE           AssertionError: \nE           \tCannot find element by condition «has attribute 'value' with value 'Sports'» \nE           \tAmong browser.all(('css selector', '[for^=hobbies-checkbox]'))\n\nvenv\\lib\\site-packages\\selene\\core\\entity.py:829: AssertionError\n\nDuring handling of the above exception, another exception occurred:\n\n    @allure.tag(\"web\")\n    @allure.severity(Severity.MINOR)\n    @allure.label(\"owner\", \"Murat\")\n    @allure.feature(\"Задачи в DemoQA\")\n    @allure.story(\"Пользователь может отправить валидно заполненную форму\")\n    @allure.link(\"https://demoqa.com/automation-practice-form\", name=\"Demo QA\")\n    def test_submit_form():\n        with allure.step(\"Открываем главную страницу\"):\n            registration_form.given_opened()\n        with allure.step('В поле First Name вводим значение \"user.first_name\"'):\n            registration_form.set_firstname(murat.first_name)\n        with allure.step('В поле Last Name вводим значение \"user.last_name\"'):\n            registration_form.set_lastname(murat.last_name)\n        with allure.step('В поле Email вводим значение \"user.email\"'):\n            registration_form.set_email(murat.email)\n        with allure.step('В поле Gender выбираем значение \"user.gender.value\"'):\n            registration_form.set_gender(murat.gender.value)\n        with allure.step('В поле Mobile вводим значение \"user.phone_number\"'):\n            registration_form.set_phone(murat.phone_number)\n        with allure.step('В поле Date of Birth вводим значения \"user.birth_day, user.birth_month, user.birth_year\"'):\n            registration_form.set_date_of_birth(murat.birth_day, murat.birth_month, murat.birth_year)\n        with allure.step('В поле Subjects вводим значения \"user.subjects\"'):\n            registration_form.set_subjects(murat.subjects)\n        with allure.step('В поле Hobbies выбираем значения \"user.subjects\"'):\n>           registration_form.set_hobbies(murat.hobbies)\n\ntests\\test_student_registration_form.py:33: \n_ _ _ _ _ _ _ _ _ _ _ _ _ _ _ _ _ _ _ _ _ _ _ _ _ _ _ _ _ _ _ _ _ _ _ _ _ _ _ _ _ _ _ _ _ _ _ _ _ _ _ _ _ _ _ _ _ _ _ _ _ _ _ _ _ _ _ _ _ _ _ _ _ _ _ _ _ _ _ _ _ _ _ _ _ _ _ _ _ _ _ _\ndemoqa_tests\\model\\pages\\registration_form.py:63: in set_hobbies\n    checkbox.select('hobbies-checkbox', hobby.value)\ndemoqa_tests\\model\\controls\\checkbox.py:6: in select\n    browser.all(f'[for^={element_selector}]').element_by(have.value(options)).element('..').click()\nvenv\\lib\\site-packages\\selene\\core\\entity.py:460: in click\n    self.wait.for_(\nvenv\\lib\\site-packages\\selene\\core\\wait.py:147: in for_\n    return _(fn)\n_ _ _ _ _ _ _ _ _ _ _ _ _ _ _ _ _ _ _ _ _ _ _ _ _ _ _ _ _ _ _ _ _ _ _ _ _ _ _ _ _ _ _ _ _ _ _ _ _ _ _ _ _ _ _ _ _ _ _ _ _ _ _ _ _ _ _ _ _ _ _ _ _ _ _ _ _ _ _ _ _ _ _ _ _ _ _ _ _ _ _ _\n\nfn = <selene.core.wait.Command object at 0x0000018404256770>\n\n    @self._decorator(self)\n    def _(fn: Callable[[E], R]) -> R:\n        finish_time = time.time() + self._timeout\n    \n        while True:\n            try:\n                return fn(self.entity)\n            except Exception as reason:\n                if time.time() > finish_time:\n    \n                    reason_message = str(reason)\n    \n                    reason_string = '{name}: {message}'.format(\n                        name=reason.__class__.__name__,\n                        message=reason_message,\n                    )\n                    # todo: think on how can we improve logging failures in selene, e.g. reverse msg and stacktrace\n                    # stacktrace = getattr(reason, 'stacktrace', None)\n                    timeout = self._timeout\n                    entity = self.entity\n    \n                    failure = TimeoutException(\n                        f'\\n'\n                        f'\\nTimed out after {timeout}s, while waiting for:'\n                        f'\\n{entity}.{fn}'\n                        f'\\n'\n                        f'\\nReason: {reason_string}'\n                    )\n    \n>                   raise self._hook_failure(failure)\nE                   selene.core.exceptions.TimeoutException: Message: \nE                   \nE                   Timed out after 5.0s, while waiting for:\nE                   browser.all(('css selector', '[for^=hobbies-checkbox]')).element_by(has attribute 'value' with value 'Sports').element(('xpath', '..')).click\nE                   \nE                   Reason: AssertionError: \nE                   \tCannot find element by condition «has attribute 'value' with value 'Sports'» \nE                   \tAmong browser.all(('css selector', '[for^=hobbies-checkbox]'))\nE                   Screenshot: file://C:\\Users\\Bitty\\.selene\\screenshots\\1664613834356\\1664613834357.png\nE                   PageSource: file://C:\\Users\\Bitty\\.selene\\screenshots\\1664613834356\\1664613834357.html\n\nvenv\\lib\\site-packages\\selene\\core\\wait.py:145: TimeoutException"}, "steps": [{"name": "Открываем главную страницу", "status": "passed", "start": 1664613834466, "stop": 1664613862262}, {"name": "В поле First Name вводим значение \"user.first_name\"", "status": "passed", "start": 1664613862262, "stop": 1664613862361}, {"name": "В поле Last Name вводим значение \"user.last_name\"", "status": "passed", "start": 1664613862361, "stop": 1664613862505}, {"name": "В поле Email вводим значение \"user.email\"", "status": "passed", "start": 1664613862505, "stop": 1664613862649}, {"name": "В поле Gender выбираем значение \"user.gender.value\"", "status": "passed", "start": 1664613862649, "stop": 1664613862825}, {"name": "В поле Mobile вводим значение \"user.phone_number\"", "status": "passed", "start": 1664613862825, "stop": 1664613862993}, {"name": "В поле Date of Birth вводим значения \"user.birth_day, user.birth_month, user.birth_year\"", "status": "passed", "start": 1664613862993, "stop": 1664613863466}, {"name": "В поле Subjects вводим значения \"user.subjects\"", "status": "passed", "start": 1664613863466, "stop": 1664613863774}, {"name": "В поле Hobbies выбираем значения \"user.subjects\"", "status": "failed", "statusDetails": {"message": "selene.core.exceptions.TimeoutException: Message: \n\nTimed out after 5.0s, while waiting for:\nbrowser.all(('css selector', '[for^=hobbies-checkbox]')).element_by(has attribute 'value' with value 'Sports').element(('xpath', '..')).click\n\nReason: AssertionError: \n\tCannot find element by condition «has attribute 'value' with value 'Sports'» \n\tAmong browser.all(('css selector', '[for^=hobbies-checkbox]'))\nScreenshot: file://C:\\Users\\Bitty\\.selene\\screenshots\\1664613834356\\1664613834357.png\nPageSource: file://C:\\Users\\Bitty\\.selene\\screenshots\\1664613834356\\1664613834357.html\n\n", "trace": "  File \"C:\\Users\\Bitty\\Desktop\\projects\\qa_guru_python_2_2\\tests\\test_student_registration_form.py\", line 33, in test_submit_form\n    registration_form.set_hobbies(murat.hobbies)\n  File \"C:\\Users\\Bitty\\Desktop\\projects\\qa_guru_python_2_2\\demoqa_tests\\model\\pages\\registration_form.py\", line 63, in set_hobbies\n    checkbox.select('hobbies-checkbox', hobby.value)\n  File \"C:\\Users\\Bitty\\Desktop\\projects\\qa_guru_python_2_2\\demoqa_tests\\model\\controls\\checkbox.py\", line 6, in select\n    browser.all(f'[for^={element_selector}]').element_by(have.value(options)).element('..').click()\n  File \"C:\\Users\\Bitty\\Desktop\\projects\\qa_guru_python_2_2\\venv\\lib\\site-packages\\selene\\core\\entity.py\", line 460, in click\n    self.wait.for_(\n  File \"C:\\Users\\Bitty\\Desktop\\projects\\qa_guru_python_2_2\\venv\\lib\\site-packages\\selene\\core\\wait.py\", line 147, in for_\n    return _(fn)\n  File \"C:\\Users\\Bitty\\Desktop\\projects\\qa_guru_python_2_2\\venv\\lib\\site-packages\\selene\\core\\wait.py\", line 145, in _\n    raise self._hook_failure(failure)\n"}, "start": 1664613863774, "stop": 1664613869043}], "start": 1664613834466, "stop": 1664613869043, "uuid": "fefe8e59-68e5-4c7d-ada4-d830676cb00f", "historyId": "f3d3b39f9fe91022c5ec0c5f47e58a76", "testCaseId": "9f936fad91039bef8567e0f0c6488053", "fullName": "tests.test_student_registration_form#test_submit_form", "labels": [{"name": "severity", "value": "minor"}, {"name": "feature", "value": "Задачи в DemoQA"}, {"name": "tag", "value": "web"}, {"name": "owner", "value": "Murat"}, {"name": "story", "value": "Пользователь может отправить валидно заполненную форму"}, {"name": "parentSuite", "value": "tests"}, {"name": "suite", "value": "test_student_registration_form"}, {"name": "host", "value": "HOME-PC"}, {"name": "thread", "value": "1056-MainThread"}, {"name": "framework", "value": "pytest"}, {"name": "language", "value": "cpython3"}, {"name": "package", "value": "tests.test_student_registration_form"}], "links": [{"type": "link", "url": "https://demoqa.com/automation-practice-form", "name": "Demo QA"}]}